Build started 2/1/2015 10:14:20 PM.
     1>Project "D:\Project\final\game\samples\sample02\sample02.vcxproj" on node 3 (Rebuild target(s)).
     1>ClCompile:
         C:\Program Files (x86)\Microsoft Visual Studio 11.0\VC\bin\CL.exe /c /ZI /nologo /W3 /WX- /Od /Oy- /D WIN32 /D _DEBUG /D _WINDOWS /D _UNICODE /D UNICODE /Gm /EHsc /RTC1 /MDd /GS /fp:precise /Zc:wchar_t /Zc:forScope /Fo"Debug\\" /Fd"Debug\vc110.pdb" /Gd /TP /analyze- /errorReport:prompt ball.cpp balls.cpp game.cpp main.cpp
         main.cpp
         game.cpp
         balls.cpp
     1>d:\project\final\game\samples\sample02\balls.cpp(2): fatal error C1083: Cannot open include file: 'd3dx9.h': No such file or directory
         ball.cpp
         Generating Code...
     1>Done Building Project "D:\Project\final\game\samples\sample02\sample02.vcxproj" (Rebuild target(s)) -- FAILED.

Build FAILED.

Time Elapsed 00:00:04.07
